<?xml version="1.0" encoding="UTF-8"?>
<!-- Generated by org.testng.reporters.JUnitXMLReporter -->
<testsuite ignored="0" hostname="MANAN" failures="0" tests="4" name="Test" time="12.87" errors="0" timestamp="2023-04-05T15:21:00 IST">
  <testcase classname="test_class.Test_classes" name="orchestractor" time="6.847"/>
  <testcase classname="test_class.Test_class_patch" name="orchestractor" time="2.417"/>
  <testcase classname="test_class.Test_class_put" name="orchestractor" time="1.829"/>
  <testcase classname="test_class.Test_class_get" name="orchestractor" time="1.505"/>
</testsuite> <!-- Test -->
