<?xml version="1.0" encoding="UTF-8"?>
<testng-results ignored="0" total="4" passed="4" failed="0" skipped="0">
  <reporter-output>
  </reporter-output>
  <suite started-at="2023-04-05T15:20:47 IST" name="Suite" finished-at="2023-04-05T15:21:00 IST" duration-ms="12870">
    <groups>
    </groups>
    <test started-at="2023-04-05T15:20:47 IST" name="Test" finished-at="2023-04-05T15:21:00 IST" duration-ms="12870">
      <class name="test_class.Test_class_put">
        <test-method signature="orchestractor()[pri:0, instance:test_class.Test_class_put@742ff096]" started-at="2023-04-05T15:20:57 IST" name="orchestractor" finished-at="2023-04-05T15:20:59 IST" duration-ms="1829" status="PASS">
          <reporter-output>
          </reporter-output>
        </test-method> <!-- orchestractor -->
      </class> <!-- test_class.Test_class_put -->
      <class name="test_class.Test_classes">
        <test-method signature="orchestractor()[pri:0, instance:test_class.Test_classes@53045c6c]" started-at="2023-04-05T15:20:47 IST" name="orchestractor" finished-at="2023-04-05T15:20:54 IST" duration-ms="6847" status="PASS">
          <reporter-output>
          </reporter-output>
        </test-method> <!-- orchestractor -->
      </class> <!-- test_class.Test_classes -->
      <class name="test_class.Test_class_patch">
        <test-method signature="orchestractor()[pri:0, instance:test_class.Test_class_patch@7bba5817]" started-at="2023-04-05T15:20:54 IST" name="orchestractor" finished-at="2023-04-05T15:20:57 IST" duration-ms="2417" status="PASS">
          <reporter-output>
          </reporter-output>
        </test-method> <!-- orchestractor -->
      </class> <!-- test_class.Test_class_patch -->
      <class name="test_class.Test_class_get">
        <test-method signature="orchestractor()[pri:0, instance:test_class.Test_class_get@75437611]" started-at="2023-04-05T15:20:59 IST" name="orchestractor" finished-at="2023-04-05T15:21:00 IST" duration-ms="1505" status="PASS">
          <reporter-output>
          </reporter-output>
        </test-method> <!-- orchestractor -->
      </class> <!-- test_class.Test_class_get -->
    </test> <!-- Test -->
  </suite> <!-- Suite -->
</testng-results>
